This is pdfTeX, Version 3.1415926-2.5-1.40.14 (MiKTeX 2.9 64-bit) (preloaded format=pdflatex 2016.2.3)  29 FEB 2016 18:43
entering extended mode
**WR227.tex
(E:\Documents\WR227\Source\WR227\WR227.tex
LaTeX2e <2011/06/27>
Babel <v3.8m> and hyphenation patterns for english, afrikaans, ancientgreek, ar
abic, armenian, assamese, basque, bengali, bokmal, bulgarian, catalan, coptic, 
croatian, czech, danish, dutch, esperanto, estonian, farsi, finnish, french, ga
lician, german, german-x-2013-05-26, greek, gujarati, hindi, hungarian, iceland
ic, indonesian, interlingua, irish, italian, kannada, kurmanji, latin, latvian,
 lithuanian, malayalam, marathi, mongolian, mongolianlmc, monogreek, ngerman, n
german-x-2013-05-26, nynorsk, oriya, panjabi, pinyin, polish, portuguese, roman
ian, russian, sanskrit, serbian, slovak, slovenian, spanish, swedish, swissgerm
an, tamil, telugu, turkish, turkmen, ukenglish, ukrainian, uppersorbian, usengl
ishmax, welsh, loaded.
(E:\Documents\WR227\Source\WR227\llncs.cls
Document Class: llncs 2014/03/31 v2.19 
 LaTeX document class for Lecture Notes in Computer Science
("E:\MiKTeX 2.9\tex\latex\base\article.cls"
Document Class: article 2007/10/19 v1.4h Standard LaTeX document class
("E:\MiKTeX 2.9\tex\latex\base\size10.clo"
File: size10.clo 2007/10/19 v1.4h Standard LaTeX file (size option)
)
\c@part=\count79
\c@section=\count80
\c@subsection=\count81
\c@subsubsection=\count82
\c@paragraph=\count83
\c@subparagraph=\count84
\c@figure=\count85
\c@table=\count86
\abovecaptionskip=\skip41
\belowcaptionskip=\skip42
\bibindent=\dimen102
)
("E:\MiKTeX 2.9\tex\latex\tools\multicol.sty"
Package: multicol 2011/06/27 v1.7a multicolumn formatting (FMi)
\c@tracingmulticols=\count87
\mult@box=\box26
\multicol@leftmargin=\dimen103
\c@unbalance=\count88
\c@collectmore=\count89
\doublecol@number=\count90
\multicoltolerance=\count91
\multicolpretolerance=\count92
\full@width=\dimen104
\page@free=\dimen105
\premulticols=\dimen106
\postmulticols=\dimen107
\multicolsep=\skip43
\multicolbaselineskip=\skip44
\partial@page=\box27
\last@line=\box28
\mult@rightbox=\box29
\mult@grightbox=\box30
\mult@gfirstbox=\box31
\mult@firstbox=\box32
\@tempa=\box33
\@tempa=\box34
\@tempa=\box35
\@tempa=\box36
\@tempa=\box37
\@tempa=\box38
\@tempa=\box39
\@tempa=\box40
\@tempa=\box41
\@tempa=\box42
\@tempa=\box43
\@tempa=\box44
\@tempa=\box45
\@tempa=\box46
\@tempa=\box47
\@tempa=\box48
\@tempa=\box49
\c@columnbadness=\count93
\c@finalcolumnbadness=\count94
\last@try=\dimen108
\multicolovershoot=\dimen109
\multicolundershoot=\dimen110
\mult@nat@firstbox=\box50
\colbreak@box=\box51
\multicol@sort@counter=\count95
)
(E:\Documents\WR227\Source\WR227\aliascnt.sty
Package: aliascnt 2009/09/08 v1.3 Alias counter (HO)

(E:\Documents\WR227\Source\WR227\remreset.sty))
\c@chapter=\count96
LaTeX Font Info:    Redeclaring math symbol \Gamma on input line 362.
LaTeX Font Info:    Redeclaring math symbol \Delta on input line 363.
LaTeX Font Info:    Redeclaring math symbol \Theta on input line 364.
LaTeX Font Info:    Redeclaring math symbol \Lambda on input line 365.
LaTeX Font Info:    Redeclaring math symbol \Xi on input line 366.
LaTeX Font Info:    Redeclaring math symbol \Pi on input line 367.
LaTeX Font Info:    Redeclaring math symbol \Sigma on input line 368.
LaTeX Font Info:    Redeclaring math symbol \Upsilon on input line 369.
LaTeX Font Info:    Redeclaring math symbol \Phi on input line 370.
LaTeX Font Info:    Redeclaring math symbol \Psi on input line 371.
LaTeX Font Info:    Redeclaring math symbol \Omega on input line 372.
\tocchpnum=\dimen111
\tocsecnum=\dimen112
\tocsectotal=\dimen113
\tocsubsecnum=\dimen114
\tocsubsectotal=\dimen115
\tocsubsubsecnum=\dimen116
\tocsubsubsectotal=\dimen117
\tocparanum=\dimen118
\tocparatotal=\dimen119
\tocsubparanum=\dimen120
\@tempcntc=\count97
\fnindent=\dimen121
\c@@inst=\count98
\c@@auth=\count99
\c@auco=\count100
\instindent=\dimen122
\authrun=\box52
\authorrunning=\toks14
\tocauthor=\toks15
\titrun=\box53
\titlerunning=\toks16
\toctitle=\toks17
\c@theorem=\count101
\c@case=\count102
\c@conjecture=\count103
\c@corollary=\count104
\c@definition=\count105
\c@example=\count106
\c@exercise=\count107
\c@lemma=\count108
\c@note=\count109
\c@problem=\count110
\c@property=\count111
\c@proposition=\count112
\c@question=\count113
\c@solution=\count114
\c@remark=\count115
\headlineindent=\dimen123
)
("E:\MiKTeX 2.9\tex\latex\graphics\graphicx.sty"
Package: graphicx 1999/02/16 v1.0f Enhanced LaTeX Graphics (DPC,SPQR)

("E:\MiKTeX 2.9\tex\latex\graphics\keyval.sty"
Package: keyval 1999/03/16 v1.13 key=value parser (DPC)
\KV@toks@=\toks18
)
("E:\MiKTeX 2.9\tex\latex\graphics\graphics.sty"
Package: graphics 2009/02/05 v1.0o Standard LaTeX Graphics (DPC,SPQR)

("E:\MiKTeX 2.9\tex\latex\graphics\trig.sty"
Package: trig 1999/03/16 v1.09 sin cos tan (DPC)
)
("E:\MiKTeX 2.9\tex\latex\00miktex\graphics.cfg"
File: graphics.cfg 2007/01/18 v1.5 graphics configuration of teTeX/TeXLive
)
Package graphics Info: Driver file: pdftex.def on input line 91.

("E:\MiKTeX 2.9\tex\latex\pdftex-def\pdftex.def"
File: pdftex.def 2011/05/27 v0.06d Graphics/color for pdfTeX

("E:\MiKTeX 2.9\tex\generic\oberdiek\infwarerr.sty"
Package: infwarerr 2010/04/08 v1.3 Providing info/warning/error messages (HO)
)
("E:\MiKTeX 2.9\tex\generic\oberdiek\ltxcmds.sty"
Package: ltxcmds 2011/11/09 v1.22 LaTeX kernel commands for general use (HO)
)
\Gread@gobject=\count116
))
\Gin@req@height=\dimen124
\Gin@req@width=\dimen125
)
(E:\Documents\WR227\Source\WR227\csquotes.sty
Package: csquotes 2016/01/31 v5.1g context-sensitive quotations (JAW)

("E:\MiKTeX 2.9\tex\latex\etoolbox\etoolbox.sty"
Package: etoolbox 2011/01/03 v2.1 e-TeX tools for LaTeX

("E:\MiKTeX 2.9\tex\latex\misc\etex.sty"
Package: etex 1998/03/26 v2.0 eTeX basic definition package (PEB)
\et@xins=\count117
)
\etb@tempcnta=\count118
)
\csq@reset=\count119
\csq@gtype=\count120
\csq@glevel=\count121
\csq@qlevel=\count122
\csq@maxlvl=\count123
\csq@tshold=\count124
\csq@ltx@everypar=\toks19

(E:\Documents\WR227\Source\WR227\csquotes.def
File: csquotes.def 2016/01/31 v5.1g csquotes generic definitions (JAW)
)
Package csquotes Info: Trying to load configuration file 'csquotes.cfg'...
Package csquotes Info: ... configuration file loaded successfully.

(E:\Documents\WR227\Source\WR227\csquotes.cfg
File: csquotes.cfg 
))
("E:\MiKTeX 2.9\tex\latex\subfig\subfig.sty"
Package: subfig 2005/06/28 ver: 1.3 subfig package

("E:\MiKTeX 2.9\tex\latex\caption\caption.sty"
Package: caption 2013/05/02 v3.3-89 Customizing captions (AR)

("E:\MiKTeX 2.9\tex\latex\caption\caption3.sty"
Package: caption3 2013/05/02 v1.6-88 caption3 kernel (AR)
Package caption3 Info: TeX engine: e-TeX on input line 57.
\captionmargin=\dimen126
\captionmargin@=\dimen127
\captionwidth=\dimen128
\caption@tempdima=\dimen129
\caption@indent=\dimen130
\caption@parindent=\dimen131
\caption@hangindent=\dimen132
Package caption Info: Unknown document class (or package),
(caption)             standard defaults will be used.
)

Package caption Warning: Unsupported document class (or package) detected,
(caption)                usage of the caption package is not recommended.
See the caption package documentation for explanation.

Package caption Info: \@makecaption = \long macro:#1#2->\small \vskip \abovecap
tionskip \sbox \@tempboxa {{\bfseries #1.} #2}\ifdim \wd \@tempboxa >\hsize {\b
fseries #1.} #2\par \else \global \@minipagefalse \hb@xt@ \hsize {\hfil \box \@
tempboxa \hfil }\fi \vskip \belowcaptionskip .
\c@ContinuedFloat=\count125
)
\c@KVtest=\count126
\sf@farskip=\skip45
\sf@captopadj=\dimen133
\sf@capskip=\skip46
\sf@nearskip=\skip47
\c@subfigure=\count127
\c@subfigure@save=\count128
\c@lofdepth=\count129
\c@subtable=\count130
\c@subtable@save=\count131
\c@lotdepth=\count132
\sf@top=\skip48
\sf@bottom=\skip49
) ("E:\MiKTeX 2.9\tex\latex\booktabs\booktabs.sty"
Package: booktabs 2005/04/14 v1.61803 publication quality tables
\heavyrulewidth=\dimen134
\lightrulewidth=\dimen135
\cmidrulewidth=\dimen136
\belowrulesep=\dimen137
\belowbottomsep=\dimen138
\aboverulesep=\dimen139
\abovetopsep=\dimen140
\cmidrulesep=\dimen141
\cmidrulekern=\dimen142
\defaultaddspace=\dimen143
\@cmidla=\count133
\@cmidlb=\count134
\@aboverulesep=\dimen144
\@belowrulesep=\dimen145
\@thisruleclass=\count135
\@lastruleclass=\count136
\@thisrulewidth=\dimen146
)
Package csquotes Info: Checking for multilingual support...
Package csquotes Info: ... none found.

(E:\Documents\WR227\Source\WR227\WR227.aux)
LaTeX Font Info:    Checking defaults for OML/cmm/m/it on input line 7.
LaTeX Font Info:    ... okay on input line 7.
LaTeX Font Info:    Checking defaults for T1/cmr/m/n on input line 7.
LaTeX Font Info:    ... okay on input line 7.
LaTeX Font Info:    Checking defaults for OT1/cmr/m/n on input line 7.
LaTeX Font Info:    ... okay on input line 7.
LaTeX Font Info:    Checking defaults for OMS/cmsy/m/n on input line 7.
LaTeX Font Info:    ... okay on input line 7.
LaTeX Font Info:    Checking defaults for OMX/cmex/m/n on input line 7.
LaTeX Font Info:    ... okay on input line 7.
LaTeX Font Info:    Checking defaults for U/cmr/m/n on input line 7.
LaTeX Font Info:    ... okay on input line 7.

("E:\MiKTeX 2.9\tex\context\base\supp-pdf.mkii"
[Loading MPS to PDF converter (version 2006.09.02).]
\scratchcounter=\count137
\scratchdimen=\dimen147
\scratchbox=\box54
\nofMPsegments=\count138
\nofMParguments=\count139
\everyMPshowfont=\toks20
\MPscratchCnt=\count140
\MPscratchDim=\dimen148
\MPnumerator=\count141
\makeMPintoPDFobject=\count142
\everyMPtoPDFconversion=\toks21
)
Package caption Info: Begin \AtBeginDocument code.
Package caption Info: subfig package v1.3 is loaded.
Package caption Info: End \AtBeginDocument code.
LaTeX Font Info:    External font `cmex10' loaded for size
(Font)              <7> on input line 17.
LaTeX Font Info:    External font `cmex10' loaded for size
(Font)              <5> on input line 17.
LaTeX Font Info:    Try loading font information for OMS+cmtt on input line 17.

LaTeX Font Info:    No file OMScmtt.fd. on input line 17.


LaTeX Font Warning: Font shape `OMS/cmtt/m/n' undefined
(Font)              using `OMS/cmsy/m/n' instead
(Font)              for symbol `textbraceleft' on input line 17.

(E:\Documents\WR227\Source\WR227\abstract.tex)
(E:\Documents\WR227\Source\WR227\introduction.tex [1

{C:/ProgramData/MiKTeX/2.9/pdftex/config/pdftex.map}]) (E:\Documents\WR227\Sour
ce\WR227\background.tex
[2] [3]) (E:\Documents\WR227\Source\WR227\method.tex
Missing character: There is no â in font cmr10!
Missing character: There is no € in font cmr10!
Missing character: There is no ™ in font cmr10!
 [4]
<flow1.pdf, id=23, 722.7pt x 406.51875pt>
File: flow1.pdf Graphic file (type pdf)
 <use flow1.pdf>
Package pdftex.def Info: flow1.pdf used on input line 13.
(pdftex.def)             Requested size: 361.34999pt x 203.25887pt.

Overfull \hbox (14.22646pt too wide) in paragraph at lines 13--14
 [][] 
 []

<flow2.pdf, id=24, 722.7pt x 406.51875pt>
File: flow2.pdf Graphic file (type pdf)
 <use flow2.pdf>
Package pdftex.def Info: flow2.pdf used on input line 20.
(pdftex.def)             Requested size: 361.34999pt x 203.25887pt.

Overfull \hbox (14.22646pt too wide) in paragraph at lines 20--21
 [][] 
 []

<ImageRetrievalSystem.pdf, id=25, 963.6pt x 542.025pt>
File: ImageRetrievalSystem.pdf Graphic file (type pdf)

<use ImageRetrievalSystem.pdf>
Package pdftex.def Info: ImageRetrievalSystem.pdf used on input line 32.
(pdftex.def)             Requested size: 289.07999pt x 162.60048pt.

<process.pdf, id=26, 1438.84732pt x 713.12021pt>
File: process.pdf Graphic file (type pdf)
 <use process.pdf>
Package pdftex.def Info: process.pdf used on input line 39.
(pdftex.def)             Requested size: 289.07999pt x 143.2635pt.
 [5 <E:/Documents/WR227/Source/WR227/flow1.pdf>] [6 <E:/Documents/WR227/Source/
WR227/flow2.pdf> <E:/Documents/WR227/Source/WR227/ImageRetrievalSystem.pdf

pdfTeX warning: pdflatex.exe (file E:/Documents/WR227/Source/WR227/ImageRetriev
alSystem.pdf): PDF inclusion: multiple pdfs with page group included in a singl
e page
>] [7 <E:/Documents/WR227/Source/WR227/process.pdf>])
(E:\Documents\WR227\Source\WR227\experiment_result.tex [8]
LaTeX Font Info:    External font `cmex10' loaded for size
(Font)              <9> on input line 19.
LaTeX Font Info:    External font `cmex10' loaded for size
(Font)              <6> on input line 19.

<APCS_check_0_query.png, id=171, 926.46124pt x 217.81375pt>
File: APCS_check_0_query.png Graphic file (type png)

<use APCS_check_0_query.png>
Package pdftex.def Info: APCS_check_0_query.png used on input line 20.
(pdftex.def)             Requested size: 93.95122pt x 22.08508pt.
 <APCS_2.jpg, id=173, 963.6pt x 642.4pt>
File: APCS_2.jpg Graphic file (type jpg)

<use APCS_2.jpg>
Package pdftex.def Info: APCS_2.jpg used on input line 21.
(pdftex.def)             Requested size: 93.95122pt x 62.62639pt.
 <APCS_3.jpg, id=174, 963.6pt x 642.4pt>
File: APCS_3.jpg Graphic file (type jpg)
 <use APCS_3.jpg>
Package pdftex.def Info: APCS_3.jpg used on input line 22.
(pdftex.def)             Requested size: 93.95122pt x 62.62639pt.

<Merlion_check_0_query.jpg, id=175, 1028.84375pt x 622.325pt>
File: Merlion_check_0_query.jpg Graphic file (type jpg)

<use Merlion_check_0_query.jpg>
Package pdftex.def Info: Merlion_check_0_query.jpg used on input line 25.
(pdftex.def)             Requested size: 93.95122pt x 56.82347pt.

<singapore_3.jpg, id=176, 4625.28pt x 3468.96pt>
File: singapore_3.jpg Graphic file (type jpg)
 <use singapore_3.jpg>
Package pdftex.def Info: singapore_3.jpg used on input line 26.
(pdftex.def)             Requested size: 93.95122pt x 70.45248pt.

<singapore_4.jpg, id=177, 4625.28pt x 3468.96pt>
File: singapore_4.jpg Graphic file (type jpg)
 <use singapore_4.jpg>
Package pdftex.def Info: singapore_4.jpg used on input line 27.
(pdftex.def)             Requested size: 93.95122pt x 70.45248pt.

<Hoian_check_0_query.jpg, id=178, 308.352pt x 205.2468pt>
File: Hoian_check_0_query.jpg Graphic file (type jpg)

<use Hoian_check_0_query.jpg>
Package pdftex.def Info: Hoian_check_0_query.jpg used on input line 30.
(pdftex.def)             Requested size: 93.95122pt x 62.53596pt.
 <hoian_7.jpg, id=179, 308.352pt x 205.2468pt>
File: hoian_7.jpg Graphic file (type jpg)

<use hoian_7.jpg>
Package pdftex.def Info: hoian_7.jpg used on input line 31.
(pdftex.def)             Requested size: 93.95122pt x 62.53596pt.
 <hoian_11.jpg, id=180, 308.352pt x 205.2468pt>
File: hoian_11.jpg Graphic file (type jpg)

<use hoian_11.jpg>
Package pdftex.def Info: hoian_11.jpg used on input line 32.
(pdftex.def)             Requested size: 93.95122pt x 62.53596pt.
 <ACM_check_0_query.png, id=181, 263.98625pt x 211.79124pt>
File: ACM_check_0_query.png Graphic file (type png)

<use ACM_check_0_query.png>
Package pdftex.def Info: ACM_check_0_query.png used on input line 35.
(pdftex.def)             Requested size: 93.95122pt x 75.37546pt.
 <icpc_1.jpg, id=182, 963.6pt x 642.4pt>
File: icpc_1.jpg Graphic file (type jpg)

<use icpc_1.jpg>
Package pdftex.def Info: icpc_1.jpg used on input line 36.
(pdftex.def)             Requested size: 93.95122pt x 62.62639pt.
 <icpc_7.jpg, id=183, 963.6pt x 642.4pt>
File: icpc_7.jpg Graphic file (type jpg)
 <use icpc_7.jpg>
Package pdftex.def Info: icpc_7.jpg used on input line 37.
(pdftex.def)             Requested size: 93.95122pt x 62.62639pt.

<thailand_check_0_query.jpg, id=184, 722.7pt x 481.8pt>
File: thailand_check_0_query.jpg Graphic file (type jpg)

<use thailand_check_0_query.jpg>
Package pdftex.def Info: thailand_check_0_query.jpg used on input line 40.
(pdftex.def)             Requested size: 93.95122pt x 62.62885pt.
 <thailand_3.jpg, id=185, 963.6pt x 642.4pt>
File: thailand_3.jpg Graphic file (type jpg)

<use thailand_3.jpg>
Package pdftex.def Info: thailand_3.jpg used on input line 41.
(pdftex.def)             Requested size: 93.95122pt x 62.62639pt.
 <thailand_4.jpg, id=186, 722.7pt x 481.8pt>
File: thailand_4.jpg Graphic file (type jpg)

<use thailand_4.jpg>
Package pdftex.def Info: thailand_4.jpg used on input line 42.
(pdftex.def)             Requested size: 93.95122pt x 62.62885pt.
) (E:\Documents\WR227\Source\WR227\conclusion.tex) [9]
[10 <E:/Documents/WR227/Source/WR227/APCS_check_0_query.png> <E:/Documents/WR22
7/Source/WR227/APCS_2.jpg> <E:/Documents/WR227/Source/WR227/APCS_3.jpg> <E:/Doc
uments/WR227/Source/WR227/Merlion_check_0_query.jpg> <E:/Documents/WR227/Source
/WR227/singapore_3.jpg> <E:/Documents/WR227/Source/WR227/singapore_4.jpg> <E:/D
ocuments/WR227/Source/WR227/Hoian_check_0_query.jpg> <E:/Documents/WR227/Source
/WR227/hoian_7.jpg> <E:/Documents/WR227/Source/WR227/hoian_11.jpg> <E:/Document
s/WR227/Source/WR227/ACM_check_0_query.png> <E:/Documents/WR227/Source/WR227/ic
pc_1.jpg> <E:/Documents/WR227/Source/WR227/icpc_7.jpg> <E:/Documents/WR227/Sour
ce/WR227/thailand_check_0_query.jpg> <E:/Documents/WR227/Source/WR227/thailand_
3.jpg> <E:/Documents/WR227/Source/WR227/thailand_4.jpg>]
(E:\Documents\WR227\Source\WR227\WR227.bbl
Missing character: There is no Ã in font cmr9!
Missing character: There is no ¼ in font cmr9!
 [11]
Underfull \hbox (badness 2460) in paragraph at lines 91--94
\OT1/cmr/m/n/9 puter Vi-sion, Graph-ics, and Im-age Pro-cess-ing 23(2), 187 -- 
206 (1983),
 []

) [12] (E:\Documents\WR227\Source\WR227\WR227.aux)

LaTeX Font Warning: Some font shapes were not available, defaults substituted.

 ) 
Here is how much of TeX's memory you used:
 3851 strings out of 493921
 56998 string characters out of 3152894
 137728 words of memory out of 3000000
 7093 multiletter control sequences out of 15000+200000
 10251 words of font info for 36 fonts, out of 3000000 for 9000
 841 hyphenation exceptions out of 8191
 44i,12n,42p,1292b,403s stack positions out of 5000i,500n,10000p,200000b,50000s
<E:/MiKTeX 2.9/fonts/type1/public/amsfonts/cm/cmbx10.pfb><E:/MiKTeX 2.9/fonts
/type1/public/amsfonts/cm/cmbx12.pfb><E:/MiKTeX 2.9/fonts/type1/public/amsfonts
/cm/cmbx9.pfb><E:/MiKTeX 2.9/fonts/type1/public/amsfonts/cm/cmex10.pfb><E:/MiKT
eX 2.9/fonts/type1/public/amsfonts/cm/cmmi10.pfb><E:/MiKTeX 2.9/fonts/type1/pub
lic/amsfonts/cm/cmmi5.pfb><E:/MiKTeX 2.9/fonts/type1/public/amsfonts/cm/cmmi7.p
fb><E:/MiKTeX 2.9/fonts/type1/public/amsfonts/cm/cmmib10.pfb><E:/MiKTeX 2.9/fon
ts/type1/public/amsfonts/cmextra/cmmib7.pfb><E:/MiKTeX 2.9/fonts/type1/public/a
msfonts/cm/cmr10.pfb><E:/MiKTeX 2.9/fonts/type1/public/amsfonts/cm/cmr5.pfb><E:
/MiKTeX 2.9/fonts/type1/public/amsfonts/cm/cmr7.pfb><E:/MiKTeX 2.9/fonts/type1/
public/amsfonts/cm/cmr9.pfb><E:/MiKTeX 2.9/fonts/type1/public/amsfonts/cm/cmsy1
0.pfb><E:/MiKTeX 2.9/fonts/type1/public/amsfonts/cm/cmsy7.pfb><E:/MiKTeX 2.9/fo
nts/type1/public/amsfonts/cm/cmsy9.pfb><E:/MiKTeX 2.9/fonts/type1/public/amsfon
ts/cm/cmti10.pfb><E:/MiKTeX 2.9/fonts/type1/public/amsfonts/cm/cmtt9.pfb>
Output written on WR227.pdf (12 pages, 11124231 bytes).
PDF statistics:
 257 PDF objects out of 1000 (max. 8388607)
 0 named destinations out of 1000 (max. 500000)
 96 words of extra memory for PDF output out of 10000 (max. 10000000)

